<?xml version="1.0" encoding="UTF-8"?>
<!-- Generated by org.testng.reporters.JUnitXMLReporter -->
<testsuite hostname="DESKTOP-P7R3D54" name="Login guru on Chrome" tests="48" failures="5" timestamp="20 Apr 2019 16:45:57 GMT" time="253.627" errors="0">
  <testcase name="TC_01" time="16.997" classname="com.bankguru.testcase.RegisterScript"/>
  <testcase name="TC_01_PresskeyTab" time="0.639" classname="com.bankguru.testcase.NewCustomerScript"/>
  <testcase name="TC_02_inputNumberCustomerName" time="0.19" classname="com.bankguru.testcase.NewCustomerScript"/>
  <testcase name="TC_03_inputNumberSpecialCharacterName" time="0.196" classname="com.bankguru.testcase.NewCustomerScript"/>
  <testcase name="TC_04_pressKeyTabCustomerName" time="0.15" classname="com.bankguru.testcase.NewCustomerScript"/>
  <testcase name="TC_05_pressKeyTabAddress" time="0.203" classname="com.bankguru.testcase.NewCustomerScript"/>
  <testcase name="TC_06_pressKeySpaceAddress" time="0.154" classname="com.bankguru.testcase.NewCustomerScript"/>
  <testcase name="TC_08_pressKeyTabCity" time="0.173" classname="com.bankguru.testcase.NewCustomerScript"/>
  <testcase name="TC_09_inputNumberCity" time="0.154" classname="com.bankguru.testcase.NewCustomerScript"/>
  <testcase name="TC_10_inputspecialcharacterCity" time="0.309" classname="com.bankguru.testcase.NewCustomerScript"/>
  <testcase name="TC_11_pressKeySpaceCity" time="0.139" classname="com.bankguru.testcase.NewCustomerScript"/>
  <testcase name="TC_12_pressKeyTabState" time="0.155" classname="com.bankguru.testcase.NewCustomerScript"/>
  <testcase name="TC_13_inputNumberState" time="0.158" classname="com.bankguru.testcase.NewCustomerScript"/>
  <testcase name="TC_14_inputSpecialCharacterState" time="0.215" classname="com.bankguru.testcase.NewCustomerScript"/>
  <testcase name="TC_15_pressKeyState" time="0.14" classname="com.bankguru.testcase.NewCustomerScript"/>
  <testcase name="TC_16_1_inputNumberPin" time="0.208" classname="com.bankguru.testcase.NewCustomerScript"/>
  <testcase name="TC_16_2_inputPinCharacter" time="0.186" classname="com.bankguru.testcase.NewCustomerScript"/>
  <testcase name="TC_17_pressTabPin" time="0.142" classname="com.bankguru.testcase.NewCustomerScript"/>
  <testcase name="TC_19_inputPinspecialCharacter" time="0.171" classname="com.bankguru.testcase.NewCustomerScript"/>
  <testcase name="TC_20_pressTabPin" time="0.154" classname="com.bankguru.testcase.NewCustomerScript"/>
  <testcase name="TC_21_pressTabMobileNumber" time="0.161" classname="com.bankguru.testcase.NewCustomerScript"/>
  <testcase name="TC_22_pressSpaceMobileNumber" time="0.161" classname="com.bankguru.testcase.NewCustomerScript"/>
  <testcase name="TC_24_inputNumberMobileNumber" time="0.17" classname="com.bankguru.testcase.NewCustomerScript"/>
  <testcase name="TC_25_inputspecialCharacterMobileNumber" time="0.197" classname="com.bankguru.testcase.NewCustomerScript"/>
  <testcase name="TC_26_pressTabEmail" time="0.196" classname="com.bankguru.testcase.NewCustomerScript"/>
  <testcase name="TC_27_1_inputEmailnotdoccom" time="0.212" classname="com.bankguru.testcase.NewCustomerScript">
    <failure type="org.openqa.selenium.TimeoutException" message="Expected condition failed: waiting for visibility of element located by By.xpath: //*[contains(text(),&amp;apos;Email-ID must not be blank&amp;apos;)] (tried for 0 second(s) with 500 milliseconds interval)">
      <![CDATA[org.openqa.selenium.TimeoutException: Expected condition failed: waiting for visibility of element located by By.xpath: //*[contains(text(),'Email-ID must not be blank')] (tried for 0 second(s) with 500 milliseconds interval)
	at org.openqa.selenium.support.ui.WebDriverWait.timeoutException(WebDriverWait.java:81)
	at org.openqa.selenium.support.ui.FluentWait.until(FluentWait.java:271)
	at CommonPage.commonFunction.waitVisibleDynamicElement(commonFunction.java:298)
	at com.bankguru.actions.NewCustormer.getDynamicText(NewCustormer.java:28)
	at com.bankguru.testcase.NewCustomerScript.TC_27_1_inputEmailnotdoccom(NewCustomerScript.java:350)
	at java.util.concurrent.FutureTask.run(Unknown Source)
	at java.util.concurrent.ThreadPoolExecutor.runWorker(Unknown Source)
	at java.util.concurrent.ThreadPoolExecutor$Worker.run(Unknown Source)
	at java.lang.Thread.run(Unknown Source)
Caused by: org.openqa.selenium.NoSuchElementException: Cannot locate an element using By.xpath: //*[contains(text(),'Email-ID must not be blank')]
For documentation on this error, please visit: http://seleniumhq.org/exceptions/no_such_element.html
Build info: version: '3.11.0', revision: 'e59cfb3', time: '2018-03-11T20:26:55.152Z'
System info: host: 'DESKTOP-P7R3D54', ip: '192.168.1.3', os.name: 'Windows 10', os.arch: 'amd64', os.version: '10.0', java.version: '1.8.0_201'
Driver info: driver.version: unknown
	at org.openqa.selenium.support.ui.ExpectedConditions.lambda$findElement$0(ExpectedConditions.java:896)
	at java.util.Optional.orElseThrow(Unknown Source)
	at org.openqa.selenium.support.ui.ExpectedConditions.findElement(ExpectedConditions.java:895)
	at org.openqa.selenium.support.ui.ExpectedConditions.access$000(ExpectedConditions.java:44)
	at org.openqa.selenium.support.ui.ExpectedConditions$7.apply(ExpectedConditions.java:206)
	at org.openqa.selenium.support.ui.ExpectedConditions$7.apply(ExpectedConditions.java:202)
	at org.openqa.selenium.support.ui.FluentWait.until(FluentWait.java:248)
	... 23 more
... Removed 16 stack frames]]>
    </failure>
  </testcase> <!-- TC_27_1_inputEmailnotdoccom -->
  <testcase name="TC_27_2_inputEmailvarchar" time="0.125" classname="com.bankguru.testcase.NewCustomerScript">
    <failure type="org.openqa.selenium.TimeoutException" message="Expected condition failed: waiting for visibility of element located by By.xpath: //*[contains(text(),&amp;apos;Email-ID must not be blank&amp;apos;)] (tried for 0 second(s) with 500 milliseconds interval)">
      <![CDATA[org.openqa.selenium.TimeoutException: Expected condition failed: waiting for visibility of element located by By.xpath: //*[contains(text(),'Email-ID must not be blank')] (tried for 0 second(s) with 500 milliseconds interval)
	at org.openqa.selenium.support.ui.WebDriverWait.timeoutException(WebDriverWait.java:81)
	at org.openqa.selenium.support.ui.FluentWait.until(FluentWait.java:271)
	at CommonPage.commonFunction.waitVisibleDynamicElement(commonFunction.java:298)
	at com.bankguru.actions.NewCustormer.getDynamicText(NewCustormer.java:28)
	at com.bankguru.testcase.NewCustomerScript.TC_27_2_inputEmailvarchar(NewCustomerScript.java:358)
	at java.util.concurrent.FutureTask.run(Unknown Source)
	at java.util.concurrent.ThreadPoolExecutor.runWorker(Unknown Source)
	at java.util.concurrent.ThreadPoolExecutor$Worker.run(Unknown Source)
	at java.lang.Thread.run(Unknown Source)
Caused by: org.openqa.selenium.NoSuchElementException: Cannot locate an element using By.xpath: //*[contains(text(),'Email-ID must not be blank')]
For documentation on this error, please visit: http://seleniumhq.org/exceptions/no_such_element.html
Build info: version: '3.11.0', revision: 'e59cfb3', time: '2018-03-11T20:26:55.152Z'
System info: host: 'DESKTOP-P7R3D54', ip: '192.168.1.3', os.name: 'Windows 10', os.arch: 'amd64', os.version: '10.0', java.version: '1.8.0_201'
Driver info: driver.version: unknown
	at org.openqa.selenium.support.ui.ExpectedConditions.lambda$findElement$0(ExpectedConditions.java:896)
	at java.util.Optional.orElseThrow(Unknown Source)
	at org.openqa.selenium.support.ui.ExpectedConditions.findElement(ExpectedConditions.java:895)
	at org.openqa.selenium.support.ui.ExpectedConditions.access$000(ExpectedConditions.java:44)
	at org.openqa.selenium.support.ui.ExpectedConditions$7.apply(ExpectedConditions.java:206)
	at org.openqa.selenium.support.ui.ExpectedConditions$7.apply(ExpectedConditions.java:202)
	at org.openqa.selenium.support.ui.FluentWait.until(FluentWait.java:248)
	... 23 more
... Removed 16 stack frames]]>
    </failure>
  </testcase> <!-- TC_27_2_inputEmailvarchar -->
  <testcase name="TC_27_3_inputEmailbeforea" time="0.174" classname="com.bankguru.testcase.NewCustomerScript">
    <failure type="org.openqa.selenium.TimeoutException" message="Expected condition failed: waiting for visibility of element located by By.xpath: //*[contains(text(),&amp;apos;Email-ID must not be blank&amp;apos;)] (tried for 0 second(s) with 500 milliseconds interval)">
      <![CDATA[org.openqa.selenium.TimeoutException: Expected condition failed: waiting for visibility of element located by By.xpath: //*[contains(text(),'Email-ID must not be blank')] (tried for 0 second(s) with 500 milliseconds interval)
	at org.openqa.selenium.support.ui.WebDriverWait.timeoutException(WebDriverWait.java:81)
	at org.openqa.selenium.support.ui.FluentWait.until(FluentWait.java:271)
	at CommonPage.commonFunction.waitVisibleDynamicElement(commonFunction.java:298)
	at com.bankguru.actions.NewCustormer.getDynamicText(NewCustormer.java:28)
	at com.bankguru.testcase.NewCustomerScript.TC_27_3_inputEmailbeforea(NewCustomerScript.java:367)
	at java.util.concurrent.FutureTask.run(Unknown Source)
	at java.util.concurrent.ThreadPoolExecutor.runWorker(Unknown Source)
	at java.util.concurrent.ThreadPoolExecutor$Worker.run(Unknown Source)
	at java.lang.Thread.run(Unknown Source)
Caused by: org.openqa.selenium.NoSuchElementException: Cannot locate an element using By.xpath: //*[contains(text(),'Email-ID must not be blank')]
For documentation on this error, please visit: http://seleniumhq.org/exceptions/no_such_element.html
Build info: version: '3.11.0', revision: 'e59cfb3', time: '2018-03-11T20:26:55.152Z'
System info: host: 'DESKTOP-P7R3D54', ip: '192.168.1.3', os.name: 'Windows 10', os.arch: 'amd64', os.version: '10.0', java.version: '1.8.0_201'
Driver info: driver.version: unknown
	at org.openqa.selenium.support.ui.ExpectedConditions.lambda$findElement$0(ExpectedConditions.java:896)
	at java.util.Optional.orElseThrow(Unknown Source)
	at org.openqa.selenium.support.ui.ExpectedConditions.findElement(ExpectedConditions.java:895)
	at org.openqa.selenium.support.ui.ExpectedConditions.access$000(ExpectedConditions.java:44)
	at org.openqa.selenium.support.ui.ExpectedConditions$7.apply(ExpectedConditions.java:206)
	at org.openqa.selenium.support.ui.ExpectedConditions$7.apply(ExpectedConditions.java:202)
	at org.openqa.selenium.support.ui.FluentWait.until(FluentWait.java:248)
	... 23 more
... Removed 16 stack frames]]>
    </failure>
  </testcase> <!-- TC_27_3_inputEmailbeforea -->
  <testcase name="TC_27_4_inputEmailnotcom" time="0.163" classname="com.bankguru.testcase.NewCustomerScript">
    <failure type="org.openqa.selenium.TimeoutException" message="Expected condition failed: waiting for visibility of element located by By.xpath: //*[contains(text(),&amp;apos;Email-ID must not be blank&amp;apos;)] (tried for 0 second(s) with 500 milliseconds interval)">
      <![CDATA[org.openqa.selenium.TimeoutException: Expected condition failed: waiting for visibility of element located by By.xpath: //*[contains(text(),'Email-ID must not be blank')] (tried for 0 second(s) with 500 milliseconds interval)
	at org.openqa.selenium.support.ui.WebDriverWait.timeoutException(WebDriverWait.java:81)
	at org.openqa.selenium.support.ui.FluentWait.until(FluentWait.java:271)
	at CommonPage.commonFunction.waitVisibleDynamicElement(commonFunction.java:298)
	at com.bankguru.actions.NewCustormer.getDynamicText(NewCustormer.java:28)
	at com.bankguru.testcase.NewCustomerScript.TC_27_4_inputEmailnotcom(NewCustomerScript.java:375)
	at java.util.concurrent.FutureTask.run(Unknown Source)
	at java.util.concurrent.ThreadPoolExecutor.runWorker(Unknown Source)
	at java.util.concurrent.ThreadPoolExecutor$Worker.run(Unknown Source)
	at java.lang.Thread.run(Unknown Source)
Caused by: org.openqa.selenium.NoSuchElementException: Cannot locate an element using By.xpath: //*[contains(text(),'Email-ID must not be blank')]
For documentation on this error, please visit: http://seleniumhq.org/exceptions/no_such_element.html
Build info: version: '3.11.0', revision: 'e59cfb3', time: '2018-03-11T20:26:55.152Z'
System info: host: 'DESKTOP-P7R3D54', ip: '192.168.1.3', os.name: 'Windows 10', os.arch: 'amd64', os.version: '10.0', java.version: '1.8.0_201'
Driver info: driver.version: unknown
	at org.openqa.selenium.support.ui.ExpectedConditions.lambda$findElement$0(ExpectedConditions.java:896)
	at java.util.Optional.orElseThrow(Unknown Source)
	at org.openqa.selenium.support.ui.ExpectedConditions.findElement(ExpectedConditions.java:895)
	at org.openqa.selenium.support.ui.ExpectedConditions.access$000(ExpectedConditions.java:44)
	at org.openqa.selenium.support.ui.ExpectedConditions$7.apply(ExpectedConditions.java:206)
	at org.openqa.selenium.support.ui.ExpectedConditions$7.apply(ExpectedConditions.java:202)
	at org.openqa.selenium.support.ui.FluentWait.until(FluentWait.java:248)
	... 23 more
... Removed 16 stack frames]]>
    </failure>
  </testcase> <!-- TC_27_4_inputEmailnotcom -->
  <testcase name="TC_27_5_inputEmailBlankSpace" time="0.181" classname="com.bankguru.testcase.NewCustomerScript">
    <failure type="org.openqa.selenium.TimeoutException" message="Expected condition failed: waiting for visibility of element located by By.xpath: //*[contains(text(),&amp;apos;Email-ID must not be blank&amp;apos;)] (tried for 0 second(s) with 500 milliseconds interval)">
      <![CDATA[org.openqa.selenium.TimeoutException: Expected condition failed: waiting for visibility of element located by By.xpath: //*[contains(text(),'Email-ID must not be blank')] (tried for 0 second(s) with 500 milliseconds interval)
	at org.openqa.selenium.support.ui.WebDriverWait.timeoutException(WebDriverWait.java:81)
	at org.openqa.selenium.support.ui.FluentWait.until(FluentWait.java:271)
	at CommonPage.commonFunction.waitVisibleDynamicElement(commonFunction.java:298)
	at com.bankguru.actions.NewCustormer.getDynamicText(NewCustormer.java:28)
	at com.bankguru.testcase.NewCustomerScript.TC_27_5_inputEmailBlankSpace(NewCustomerScript.java:383)
	at java.util.concurrent.FutureTask.run(Unknown Source)
	at java.util.concurrent.ThreadPoolExecutor.runWorker(Unknown Source)
	at java.util.concurrent.ThreadPoolExecutor$Worker.run(Unknown Source)
	at java.lang.Thread.run(Unknown Source)
Caused by: org.openqa.selenium.NoSuchElementException: Cannot locate an element using By.xpath: //*[contains(text(),'Email-ID must not be blank')]
For documentation on this error, please visit: http://seleniumhq.org/exceptions/no_such_element.html
Build info: version: '3.11.0', revision: 'e59cfb3', time: '2018-03-11T20:26:55.152Z'
System info: host: 'DESKTOP-P7R3D54', ip: '192.168.1.3', os.name: 'Windows 10', os.arch: 'amd64', os.version: '10.0', java.version: '1.8.0_201'
Driver info: driver.version: unknown
	at org.openqa.selenium.support.ui.ExpectedConditions.lambda$findElement$0(ExpectedConditions.java:896)
	at java.util.Optional.orElseThrow(Unknown Source)
	at org.openqa.selenium.support.ui.ExpectedConditions.findElement(ExpectedConditions.java:895)
	at org.openqa.selenium.support.ui.ExpectedConditions.access$000(ExpectedConditions.java:44)
	at org.openqa.selenium.support.ui.ExpectedConditions$7.apply(ExpectedConditions.java:206)
	at org.openqa.selenium.support.ui.ExpectedConditions$7.apply(ExpectedConditions.java:202)
	at org.openqa.selenium.support.ui.FluentWait.until(FluentWait.java:248)
	... 23 more
... Removed 16 stack frames]]>
    </failure>
  </testcase> <!-- TC_27_5_inputEmailBlankSpace -->
  <testcase name="TC_29_pressTabEmail" time="0.144" classname="com.bankguru.testcase.NewCustomerScript"/>
  <testcase name="TC_30_inputnewCustomervalid" time="5.167" classname="com.bankguru.testcase.NewCustomerScript"/>
  <testcase name="TC_01_pressKeyTabCustomerId" time="0.168" classname="com.bankguru.testcase.EditCustomerScript"/>
  <testcase name="TC_02_inputCustomerIDnumberandCharacter" time="0.174" classname="com.bankguru.testcase.EditCustomerScript"/>
  <testcase name="TC_03_inputCustomerIDspecialCharacter" time="0.271" classname="com.bankguru.testcase.EditCustomerScript"/>
  <testcase name="TC_04_inputCustomerIDCharacter" time="0.16" classname="com.bankguru.testcase.EditCustomerScript"/>
  <testcase name="TC_05_inputCustomerIDvalid" time="1.219" classname="com.bankguru.testcase.EditCustomerScript"/>
  <testcase name="TC_08_clearAddress" time="1.402" classname="com.bankguru.testcase.EditCustomerScript"/>
  <testcase name="TC_09_clearAddressandpressTabAddress" time="1.707" classname="com.bankguru.testcase.EditCustomerScript"/>
  <testcase name="TC_10_clearAddressandinputAddressspecialCharacter" time="1.487" classname="com.bankguru.testcase.EditCustomerScript"/>
  <testcase name="TC_11_clearAddressandpressKeyTabCity" time="2.731" classname="com.bankguru.testcase.EditCustomerScript"/>
  <testcase name="TC_12_inputNumberCity" time="3.894" classname="com.bankguru.testcase.EditCustomerScript"/>
  <testcase name="TC_14_editStatewithnumberandspecialcharacter" time="3.796" classname="com.bankguru.testcase.EditCustomerScript"/>
  <testcase name="TC_16_EditPinnumbernotenoughandSpecialCharacter" time="1.691" classname="com.bankguru.testcase.EditCustomerScript"/>
  <testcase name="TC_17_EditCitypressKeyTabandSPACE" time="1.702" classname="com.bankguru.testcase.EditCustomerScript"/>
  <testcase name="TC_18_EditStatepressKeyTabaandcharacterandSPACE" time="1.867" classname="com.bankguru.testcase.EditCustomerScript"/>
  <testcase name="TC_19_EditEmailpressKeyTabaandcharacterSPACE" time="1.923" classname="com.bankguru.testcase.EditCustomerScript"/>
  <testcase name="TC_20_EditEmailwrongemailandspecialCharacter" time="1.955" classname="com.bankguru.testcase.EditCustomerScript"/>
</testsuite> <!-- Login guru on Chrome -->
